<?xml version="1.0" encoding="UTF-8"?>
<!-- Generated by org.testng.reporters.JUnitReportReporter -->
<testsuite hostname="tester-PC" name="com.wonders.testcases.base.TC_JIRA_BASE_008" tests="1" failures="0" timestamp="19 Apr 2013 03:08:26 GMT" time="48.620" errors="0">
  <testcase name="JIRA_BASE_008" time="48.620" classname="com.wonders.testcases.base.TC_JIRA_BASE_008"/>
</testsuite> <!-- com.wonders.testcases.base.TC_JIRA_BASE_008 -->
