<?xml version="1.0" encoding="UTF-8"?>
<!-- Generated by org.testng.reporters.JUnitReportReporter -->
<testsuite hostname="tester-PC" name="com.wonders.testcases.base.TC_JIRA_BASE_007" tests="1" failures="0" timestamp="19 Apr 2013 13:56:00 GMT" time="29.510" errors="0">
  <testcase name="JIRA_BASE_007" time="29.510" classname="com.wonders.testcases.base.TC_JIRA_BASE_007"/>
</testsuite> <!-- com.wonders.testcases.base.TC_JIRA_BASE_007 -->
