<?xml version="1.0" encoding="UTF-8"?>
<!-- Generated by org.testng.reporters.JUnitReportReporter -->
<testsuite hostname="tester-PC" name="com.wonders.testcases.base.TC_JIRA_BASE_003" tests="1" failures="0" timestamp="30 Apr 2013 12:30:09 GMT" time="43.222" errors="0">
  <testcase name="JIRA_BASE_003" time="43.222" classname="com.wonders.testcases.base.TC_JIRA_BASE_003"/>
</testsuite> <!-- com.wonders.testcases.base.TC_JIRA_BASE_003 -->
