<?xml version="1.0" encoding="UTF-8"?>
<!-- Generated by org.testng.reporters.JUnitReportReporter -->
<testsuite hostname="tester-PC" name="com.wonders.testcases.base.TC_JIRA_BASE_002" tests="1" failures="0" timestamp="30 Apr 2013 11:13:02 GMT" time="44.074" errors="0">
  <testcase name="JIRA_BASE_002" time="44.074" classname="com.wonders.testcases.base.TC_JIRA_BASE_002"/>
</testsuite> <!-- com.wonders.testcases.base.TC_JIRA_BASE_002 -->
