<?xml version="1.0" encoding="UTF-8"?>
<!-- Generated by org.testng.reporters.JUnitReportReporter -->
<testsuite hostname="tester-PC" name="com.wonders.testcases.base.TC_JIRA_BASE_006" tests="1" failures="0" timestamp="17 Apr 2013 13:55:35 GMT" time="24.665" errors="0">
  <testcase name="JIRA_BASE_006" time="24.665" classname="com.wonders.testcases.base.TC_JIRA_BASE_006"/>
</testsuite> <!-- com.wonders.testcases.base.TC_JIRA_BASE_006 -->
