<?xml version="1.0" encoding="UTF-8"?>
<!-- Generated by org.testng.reporters.JUnitReportReporter -->
<testsuite hostname="tester-PC" name="com.wonders.testcases.issueFields.TC_JIRA_ISSUE_006" tests="3" failures="0" timestamp="17 Apr 2013 08:50:46 GMT" time="0.006" errors="0">
  <testcase name="testServer" time="0.000" classname="com.wonders.testcases.issueFields.TC_JIRA_ISSUE_006"/>
  <testcase name="testServer" time="0.001" classname="com.wonders.testcases.issueFields.TC_JIRA_ISSUE_006"/>
  <testcase name="testServer" time="0.005" classname="com.wonders.testcases.issueFields.TC_JIRA_ISSUE_006"/>
</testsuite> <!-- com.wonders.testcases.issueFields.TC_JIRA_ISSUE_006 -->
