<?xml version="1.0" encoding="UTF-8"?>
<!-- Generated by org.testng.reporters.JUnitReportReporter -->
<testsuite hostname="tester-PC" name="com.wonders.testcases.base.TC_JIRA_BASE_010" tests="1" failures="0" timestamp="19 Apr 2013 05:50:07 GMT" time="12.533" errors="0">
  <testcase name="JIRA_BASE_010" time="12.533" classname="com.wonders.testcases.base.TC_JIRA_BASE_010"/>
</testsuite> <!-- com.wonders.testcases.base.TC_JIRA_BASE_010 -->
