<?xml version="1.0" encoding="UTF-8"?>
<!-- Generated by org.testng.reporters.JUnitReportReporter -->
<testsuite hostname="tester-PC" name="com.wonders.testcases.issueFields.TC_JIRA_ISSUE_001" tests="1" failures="1" timestamp="17 Apr 2013 07:43:07 GMT" time="0.010" errors="0">
  <testcase name="JIRA_ISSUE_001" time="0.010" classname="com.wonders.testcases.issueFields.TC_JIRA_ISSUE_001">
    <failure type="org.openqa.selenium.remote.SessionNotFoundException" message="Unexpected error launching Internet Explorer. Could not get document from window handle (WARNING: The server did not provide any stacktrace information)
Command duration or timeout: 23.66 seconds
Build info: version: &#039;2.31.0&#039;, revision: &#039;1bd294d185a80fa4206dfeab80ba773c04ac33c0&#039;, time: &#039;2013-02-27 13:51:26&#039;
System info: os.name: &#039;Windows 7&#039;, os.arch: &#039;x86&#039;, os.version: &#039;6.1&#039;, java.version: &#039;1.7.0_03&#039;
Driver info: org.openqa.selenium.ie.InternetExplorerDriver">
      <![CDATA[org.openqa.selenium.remote.SessionNotFoundException: Unexpected error launching Internet Explorer. Could not get document from window handle (WARNING: The server did not provide any stacktrace information)
Command duration or timeout: 23.66 seconds
Build info: version: '2.31.0', revision: '1bd294d185a80fa4206dfeab80ba773c04ac33c0', time: '2013-02-27 13:51:26'
System info: os.name: 'Windows 7', os.arch: 'x86', os.version: '6.1', java.version: '1.7.0_03'
Driver info: org.openqa.selenium.ie.InternetExplorerDriver
	at sun.reflect.NativeConstructorAccessorImpl.newInstance0(Native Method)
	at sun.reflect.NativeConstructorAccessorImpl.newInstance(NativeConstructorAccessorImpl.java:57)
	at sun.reflect.DelegatingConstructorAccessorImpl.newInstance(DelegatingConstructorAccessorImpl.java:45)
	at java.lang.reflect.Constructor.newInstance(Constructor.java:525)
	at org.openqa.selenium.remote.ErrorHandler.createThrowable(ErrorHandler.java:187)
	at org.openqa.selenium.remote.ErrorHandler.throwIfResponseFailed(ErrorHandler.java:151)
	at org.openqa.selenium.remote.RemoteWebDriver.execute(RemoteWebDriver.java:554)
	at org.openqa.selenium.remote.RemoteWebDriver.startSession(RemoteWebDriver.java:216)
	at org.openqa.selenium.remote.RemoteWebDriver.startSession(RemoteWebDriver.java:201)
	at org.openqa.selenium.ie.InternetExplorerDriver.setup(InternetExplorerDriver.java:105)
	at org.openqa.selenium.ie.InternetExplorerDriver.<init>(InternetExplorerDriver.java:59)
	at browser.webdriver.GenericRemoteWebDriverFactory.getGenericRemoteInternetExplorerDriver(GenericRemoteWebDriverFactory.java:146)
	at browser.webdriver.GenericRemoteWebDriverFactory.getGenericRemoteWebDriver(GenericRemoteWebDriverFactory.java:63)
	at browser.common.GenericWebDriverFactory.getGenericWebDriver(GenericWebDriverFactory.java:17)
	at browser.common.GenericWebDriverFactory.getGenericWebDriver(GenericWebDriverFactory.java:23)
	at com.wonders.utils.BaseHome.Launch(BaseHome.java:20)
	at com.wonders.testcases.issueFields.TC_JIRA_ISSUE_001.setup(TC_JIRA_ISSUE_001.java:21)
	at sun.reflect.NativeMethodAccessorImpl.invoke0(Native Method)
	at sun.reflect.NativeMethodAccessorImpl.invoke(NativeMethodAccessorImpl.java:57)
	at sun.reflect.DelegatingMethodAccessorImpl.invoke(DelegatingMethodAccessorImpl.java:43)
	at java.lang.reflect.Method.invoke(Method.java:601)
	at org.testng.internal.MethodInvocationHelper.invokeMethod(MethodInvocationHelper.java:80)
	at org.testng.internal.Invoker.invokeConfigurationMethod(Invoker.java:564)
	at org.testng.internal.Invoker.invokeConfigurations(Invoker.java:213)
	at org.testng.internal.Invoker.invokeMethod(Invoker.java:653)
	at org.testng.internal.Invoker.invokeTestMethod(Invoker.java:901)
	at org.testng.internal.Invoker.invokeTestMethods(Invoker.java:1231)
	at org.testng.internal.TestMethodWorker.invokeTestMethods(TestMethodWorker.java:128)
	at org.testng.internal.TestMethodWorker.run(TestMethodWorker.java:111)
	at java.util.concurrent.ThreadPoolExecutor.runWorker(ThreadPoolExecutor.java:1110)
	at java.util.concurrent.ThreadPoolExecutor$Worker.run(ThreadPoolExecutor.java:603)
	at java.lang.Thread.run(Thread.java:722)
]]>
    </failure>
  </testcase> <!-- JIRA_ISSUE_001 -->
</testsuite> <!-- com.wonders.testcases.issueFields.TC_JIRA_ISSUE_001 -->
