<?xml version="1.0" encoding="UTF-8"?>
<!-- Generated by org.testng.reporters.JUnitReportReporter -->
<testsuite hostname="tester-PC" name="com.wonders.testcases.base.TC_JIRA_BASE_001" tests="1" failures="0" timestamp="30 Apr 2013 11:13:02 GMT" time="45.782" errors="0">
  <testcase name="JIRA_BASE_001" time="45.782" classname="com.wonders.testcases.base.TC_JIRA_BASE_001"/>
</testsuite> <!-- com.wonders.testcases.base.TC_JIRA_BASE_001 -->
