<?xml version="1.0" encoding="UTF-8"?>
<!-- Generated by org.testng.reporters.JUnitReportReporter -->
<testsuite hostname="tester-PC" name="com.wonders.testcases.base.TC_JIRA_BASE_009" tests="1" failures="0" timestamp="19 Apr 2013 08:03:15 GMT" time="30.170" errors="0">
  <testcase name="JIRA_BASE_009" time="30.170" classname="com.wonders.testcases.base.TC_JIRA_BASE_009"/>
</testsuite> <!-- com.wonders.testcases.base.TC_JIRA_BASE_009 -->
