<?xml version="1.0" encoding="UTF-8"?>
<!-- Generated by org.testng.reporters.JUnitReportReporter -->
<testsuite hostname="tester-PC" name="com.wonders.testcases.base.TC_JIRA_BASE_001" tests="1" failures="0" timestamp="3 May 2013 07:58:00 GMT" time="24.009" errors="0">
  <testcase name="JIRA_BASE_001" time="24.009" classname="com.wonders.testcases.base.TC_JIRA_BASE_001"/>
</testsuite> <!-- com.wonders.testcases.base.TC_JIRA_BASE_001 -->
